<?xml version="1.0" encoding="UTF-8"?>
<!-- Generated by org.testng.reporters.JUnitXMLReporter -->
<testsuite hostname="CHMB123429.local" ignored="0" name="Command line test" tests="1" failures="1" timestamp="01 Mar 2020 02:49:28 GMT" time="0.569" errors="0">
  <testcase name="runScenario" time="0.236" classname="io.cucumber.testng.AbstractTestNGCucumberTests">
    <failure type="cucumber.runtime.CucumberException" message="There are undefined steps">
      <![CDATA[cucumber.runtime.CucumberException: There are undefined steps
at io.cucumber.testng.TestCaseResultListener.getError(TestCaseResultListener.java:58)
at io.cucumber.testng.TestNGCucumberRunner.runScenario(TestNGCucumberRunner.java:83)
at io.cucumber.testng.AbstractTestNGCucumberTests.runScenario(AbstractTestNGCucumberTests.java:24)
... Removed 34 stack frames]]>
    </failure>
  </testcase> <!-- runScenario -->
</testsuite> <!-- Command line test -->
